<?xml version="1.0" encoding="UTF-8"?>
<!-- Generated by org.testng.reporters.JUnitXMLReporter -->
<testsuite ignored="5" hostname="LAPTOP-3LMAQE78" failures="0" tests="1" name="Default test" time="20.647" errors="0" timestamp="2023-02-04T23:30:50 IST">
  <testcase classname="tests.Webtable" name="checkAddPaged" time="9.158"/>
  <testcase classname="tests.Webtable" name="vverifyNumberOfRowsVisible" time="0.0">
    <ignored/>
  </testcase> <!-- vverifyNumberOfRowsVisible -->
  <testcase classname="tests.Webtable" name="verifyColumnSequence" time="0.0">
    <ignored/>
  </testcase> <!-- verifyColumnSequence -->
  <testcase classname="tests.Webtable" name="checkVisbilityOfElements" time="0.0">
    <ignored/>
  </testcase> <!-- checkVisbilityOfElements -->
  <testcase classname="tests.Webtable" name="test" time="0.0">
    <ignored/>
  </testcase> <!-- test -->
  <testcase classname="tests.Webtable" name="checkPlaceholders" time="0.0">
    <ignored/>
  </testcase> <!-- checkPlaceholders -->
</testsuite> <!-- Default test -->
