<?xml version="1.0" encoding="UTF-8"?>
<!-- Generated by org.testng.reporters.JUnitXMLReporter -->
<testsuite ignored="9" hostname="LAPTOP-3LMAQE78" failures="0" tests="1" name="Default test" time="54.171" errors="0" timestamp="2023-02-01T22:09:47 IST">
  <testcase classname="tests.Textbox" name="checkboxOpened" time="7.319"/>
  <testcase classname="tests.Textbox" name="TC_FP_017" time="0.0">
    <ignored/>
  </testcase> <!-- TC_FP_017 -->
  <testcase classname="tests.Textbox" name="TC_FP_014" time="0.0">
    <ignored/>
  </testcase> <!-- TC_FP_014 -->
  <testcase classname="tests.Textbox" name="addressValidation" time="0.0">
    <ignored/>
  </testcase> <!-- addressValidation -->
  <testcase classname="tests.Textbox" name="TC_FP_013" time="0.0">
    <ignored/>
  </testcase> <!-- TC_FP_013 -->
  <testcase classname="tests.Textbox" name="checkBasicElementsVisbibily" time="0.0">
    <ignored/>
  </testcase> <!-- checkBasicElementsVisbibily -->
  <testcase classname="tests.Textbox" name="TC_FP_011" time="0.0">
    <ignored/>
  </testcase> <!-- TC_FP_011 -->
  <testcase classname="tests.Textbox" name="fillAllDetails" time="0.0">
    <ignored/>
  </testcase> <!-- fillAllDetails -->
  <testcase classname="tests.Textbox" name="launchApplicationURL" time="0.0">
    <ignored/>
  </testcase> <!-- launchApplicationURL -->
  <testcase classname="tests.Textbox" name="TC_FP_008" time="0.0">
    <ignored/>
  </testcase> <!-- TC_FP_008 -->
</testsuite> <!-- Default test -->
