<?xml version="1.0" encoding="UTF-8"?>
<testng-results ignored="5" total="6" passed="1" failed="0" skipped="0">
  <reporter-output>
  </reporter-output>
  <suite started-at="2023-02-04T23:30:29 IST" name="Default suite" finished-at="2023-02-04T23:30:50 IST" duration-ms="20647">
    <groups>
    </groups>
    <test started-at="2023-02-04T23:30:29 IST" name="Default test" finished-at="2023-02-04T23:30:50 IST" duration-ms="20647">
      <class name="tests.Webtable">
        <test-method is-config="true" signature="launchApplication()[pri:0, instance:tests.Webtable@3270d194]" started-at="2023-02-04T23:30:29 IST" name="launchApplication" finished-at="2023-02-04T23:30:40 IST" duration-ms="11011" status="PASS">
          <reporter-output>
          </reporter-output>
        </test-method> <!-- launchApplication -->
        <test-method signature="checkAddPaged()[pri:0, instance:tests.Webtable@3270d194]" started-at="2023-02-04T23:30:40 IST" name="checkAddPaged" description="Verify that when clicked on add button registration form should appear on the screen" finished-at="2023-02-04T23:30:50 IST" duration-ms="9158" status="PASS">
          <reporter-output>
          </reporter-output>
        </test-method> <!-- checkAddPaged -->
        <test-method is-config="true" signature="teardown()[pri:0, instance:tests.Webtable@3270d194]" started-at="2023-02-04T23:30:50 IST" name="teardown" finished-at="2023-02-04T23:30:50 IST" duration-ms="415" status="PASS">
          <reporter-output>
          </reporter-output>
        </test-method> <!-- teardown -->
      </class> <!-- tests.Webtable -->
    </test> <!-- Default test -->
  </suite> <!-- Default suite -->
</testng-results>
