<?xml version="1.0" encoding="UTF-8"?>
<testng-results ignored="13" total="14" passed="1" failed="0" skipped="0">
  <reporter-output>
  </reporter-output>
  <suite started-at="2023-02-02T23:26:46 IST" name="Default suite" finished-at="2023-02-02T23:27:09 IST" duration-ms="23055">
    <groups>
      <group name="smoke">
        <method signature="Textbox.isAnyChecdkboxOdptionSeected()[pri:0, instance:tests.Textbox@1ebd319f]" name="isAnyChecdkboxOdptionSeected" class="tests.Textbox"/>
      </group> <!-- smoke -->
    </groups>
    <test started-at="2023-02-02T23:26:46 IST" name="Default test" finished-at="2023-02-02T23:27:09 IST" duration-ms="23055">
      <class name="tests.Textbox">
        <test-method is-config="true" signature="launchApplication()[pri:0, instance:tests.Textbox@1ebd319f]" started-at="2023-02-02T23:26:46 IST" name="launchApplication" finished-at="2023-02-02T23:26:54 IST" duration-ms="7926" status="PASS">
          <reporter-output>
          </reporter-output>
        </test-method> <!-- launchApplication -->
        <test-method signature="isAnyChecdkboxOdptionSeected()[pri:0, instance:tests.Textbox@1ebd319f]" started-at="2023-02-02T23:26:54 IST" name="isAnyChecdkboxOdptionSeected" description="select Home &gt; Documents&gt; Office &gt;private" finished-at="2023-02-02T23:27:09 IST" duration-ms="14890" status="PASS">
          <reporter-output>
          </reporter-output>
        </test-method> <!-- isAnyChecdkboxOdptionSeected -->
        <test-method is-config="true" signature="teardown()[pri:0, instance:tests.Textbox@1ebd319f]" started-at="2023-02-02T23:27:09 IST" name="teardown" finished-at="2023-02-02T23:27:09 IST" duration-ms="192" status="PASS">
          <reporter-output>
          </reporter-output>
        </test-method> <!-- teardown -->
      </class> <!-- tests.Textbox -->
    </test> <!-- Default test -->
  </suite> <!-- Default suite -->
</testng-results>
